[2024-02-21T11:38:24.488+0000] {taskinstance.py:1956} INFO - Dependencies all met for dep_context=non-requeueable deps ti=<TaskInstance: airflow-s3-mlflow.model_training manual__2024-02-21T11:37:54.391727+00:00 [queued]>
[2024-02-21T11:38:24.497+0000] {taskinstance.py:1956} INFO - Dependencies all met for dep_context=requeueable deps ti=<TaskInstance: airflow-s3-mlflow.model_training manual__2024-02-21T11:37:54.391727+00:00 [queued]>
[2024-02-21T11:38:24.498+0000] {taskinstance.py:2170} INFO - Starting attempt 1 of 1
[2024-02-21T11:38:24.512+0000] {taskinstance.py:2191} INFO - Executing <Task(PythonOperator): model_training> on 2024-02-21 11:37:54.391727+00:00
[2024-02-21T11:38:24.519+0000] {standard_task_runner.py:60} INFO - Started process 7427 to run task
[2024-02-21T11:38:24.522+0000] {standard_task_runner.py:87} INFO - Running: ['***', 'tasks', 'run', '***-s3-mlflow', 'model_training', 'manual__2024-02-21T11:37:54.391727+00:00', '--job-id', '160', '--raw', '--subdir', 'DAGS_FOLDER/***-aws-mlflow.py', '--cfg-path', '/tmp/tmpicdq7l8h']
[2024-02-21T11:38:24.525+0000] {standard_task_runner.py:88} INFO - Job 160: Subtask model_training
[2024-02-21T11:38:24.542+0000] {logging_mixin.py:188} WARNING - /home/***/.local/lib/python3.8/site-packages/***/settings.py:194 DeprecationWarning: The sql_alchemy_conn option in [core] has been moved to the sql_alchemy_conn option in [database] - the old setting has been used, but please update your config.
[2024-02-21T11:38:24.573+0000] {task_command.py:423} INFO - Running <TaskInstance: airflow-s3-mlflow.model_training manual__2024-02-21T11:37:54.391727+00:00 [running]> on host b14d6cdb7c29
[2024-02-21T11:38:24.650+0000] {taskinstance.py:2480} INFO - Exporting env vars: AIRFLOW_CTX_DAG_OWNER='***' AIRFLOW_CTX_DAG_ID='***-s3-mlflow' AIRFLOW_CTX_TASK_ID='model_training' AIRFLOW_CTX_EXECUTION_DATE='2024-02-21T11:37:54.391727+00:00' AIRFLOW_CTX_TRY_NUMBER='1' AIRFLOW_CTX_DAG_RUN_ID='manual__2024-02-21T11:37:54.391727+00:00'
[2024-02-21T11:38:24.666+0000] {credentials.py:1147} INFO - Found credentials in environment variables.
[2024-02-21T11:38:26.518+0000] {logging_mixin.py:188} INFO - data file imported from s3
[2024-02-21T11:38:26.521+0000] {logging_mixin.py:188} INFO - data imported from s3
[2024-02-21T11:38:26.564+0000] {logging_mixin.py:188} INFO -  RMSE: 0.8528526258778343
[2024-02-21T11:38:26.584+0000] {logging_mixin.py:188} INFO -  MAE:  0.645031393708269
[2024-02-21T11:38:26.586+0000] {logging_mixin.py:188} INFO -  R2:  0.05367522047772455
[2024-02-21T11:38:26.594+0000] {xcom.py:664} ERROR - Object of type ElasticNet is not JSON serializable. If you are using pickle instead of JSON for XCom, then you need to enable pickle support for XCom in your *** config or make sure to decorate your object with attr.
[2024-02-21T11:38:26.595+0000] {taskinstance.py:2698} ERROR - Task failed with exception
Traceback (most recent call last):
  File "/home/airflow/.local/lib/python3.8/site-packages/airflow/utils/json.py", line 91, in default
    return serialize(o)
  File "/home/airflow/.local/lib/python3.8/site-packages/airflow/serialization/serde.py", line 180, in serialize
    raise TypeError(f"cannot serialize object of type {cls}")
TypeError: cannot serialize object of type <class 'sklearn.linear_model._coordinate_descent.ElasticNet'>

During handling of the above exception, another exception occurred:

Traceback (most recent call last):
  File "/home/airflow/.local/lib/python3.8/site-packages/airflow/models/taskinstance.py", line 433, in _execute_task
    result = execute_callable(context=context, **execute_callable_kwargs)
  File "/home/airflow/.local/lib/python3.8/site-packages/airflow/operators/python.py", line 199, in execute
    return_value = self.execute_callable()
  File "/home/airflow/.local/lib/python3.8/site-packages/airflow/operators/python.py", line 216, in execute_callable
    return self.python_callable(*self.op_args, **self.op_kwargs)
  File "/opt/airflow/src/Modeltrainig/trainmodel.py", line 88, in mlflow_track
    ti.xcom_push(key='trainmodel', value=lr)
  File "/home/airflow/.local/lib/python3.8/site-packages/airflow/utils/session.py", line 79, in wrapper
    return func(*args, session=session, **kwargs)
  File "/home/airflow/.local/lib/python3.8/site-packages/airflow/models/taskinstance.py", line 2980, in xcom_push
    XCom.set(
  File "/home/airflow/.local/lib/python3.8/site-packages/airflow/utils/session.py", line 76, in wrapper
    return func(*args, **kwargs)
  File "/home/airflow/.local/lib/python3.8/site-packages/airflow/models/xcom.py", line 247, in set
    value = cls.serialize_value(
  File "/home/airflow/.local/lib/python3.8/site-packages/airflow/models/xcom.py", line 662, in serialize_value
    return json.dumps(value, cls=XComEncoder).encode("UTF-8")
  File "/usr/local/lib/python3.8/json/__init__.py", line 234, in dumps
    return cls(
  File "/home/airflow/.local/lib/python3.8/site-packages/airflow/utils/json.py", line 104, in encode
    return super().encode(o)
  File "/usr/local/lib/python3.8/json/encoder.py", line 199, in encode
    chunks = self.iterencode(o, _one_shot=True)
  File "/usr/local/lib/python3.8/json/encoder.py", line 257, in iterencode
    return _iterencode(o, 0)
  File "/home/airflow/.local/lib/python3.8/site-packages/airflow/utils/json.py", line 93, in default
    return super().default(o)
  File "/usr/local/lib/python3.8/json/encoder.py", line 179, in default
    raise TypeError(f'Object of type {o.__class__.__name__} '
TypeError: Object of type ElasticNet is not JSON serializable
[2024-02-21T11:38:26.636+0000] {taskinstance.py:1138} INFO - Marking task as FAILED. dag_id=***-s3-mlflow, task_id=model_training, execution_date=20240221T113754, start_date=20240221T113824, end_date=20240221T113826
[2024-02-21T11:38:26.649+0000] {standard_task_runner.py:107} ERROR - Failed to execute job 160 for task model_training (Object of type ElasticNet is not JSON serializable; 7427)
[2024-02-21T11:38:26.670+0000] {local_task_job_runner.py:234} INFO - Task exited with return code 1
[2024-02-21T11:38:26.695+0000] {taskinstance.py:3280} INFO - 0 downstream tasks scheduled from follow-on schedule check
