[2024-02-21T06:44:19.933+0000] {taskinstance.py:1956} INFO - Dependencies all met for dep_context=non-requeueable deps ti=<TaskInstance: airflow-s3-mlflow.read_raw_data_from_s3 manual__2024-02-21T06:44:13.181137+00:00 [queued]>
[2024-02-21T06:44:19.948+0000] {taskinstance.py:1956} INFO - Dependencies all met for dep_context=requeueable deps ti=<TaskInstance: airflow-s3-mlflow.read_raw_data_from_s3 manual__2024-02-21T06:44:13.181137+00:00 [queued]>
[2024-02-21T06:44:19.949+0000] {taskinstance.py:2170} INFO - Starting attempt 1 of 1
[2024-02-21T06:44:19.968+0000] {taskinstance.py:2191} INFO - Executing <Task(PythonOperator): read_raw_data_from_s3> on 2024-02-21 06:44:13.181137+00:00
[2024-02-21T06:44:19.988+0000] {standard_task_runner.py:60} INFO - Started process 1430 to run task
[2024-02-21T06:44:19.991+0000] {standard_task_runner.py:87} INFO - Running: ['***', 'tasks', 'run', '***-s3-mlflow', 'read_raw_data_from_s3', 'manual__2024-02-21T06:44:13.181137+00:00', '--job-id', '11', '--raw', '--subdir', 'DAGS_FOLDER/***-aws-mlflow.py', '--cfg-path', '/tmp/tmp3pywb_dl']
[2024-02-21T06:44:19.994+0000] {standard_task_runner.py:88} INFO - Job 11: Subtask read_raw_data_from_s3
[2024-02-21T06:44:20.014+0000] {logging_mixin.py:188} WARNING - /home/***/.local/lib/python3.8/site-packages/***/settings.py:194 DeprecationWarning: The sql_alchemy_conn option in [core] has been moved to the sql_alchemy_conn option in [database] - the old setting has been used, but please update your config.
[2024-02-21T06:44:20.062+0000] {task_command.py:423} INFO - Running <TaskInstance: airflow-s3-mlflow.read_raw_data_from_s3 manual__2024-02-21T06:44:13.181137+00:00 [running]> on host 4d6165970785
[2024-02-21T06:44:20.151+0000] {taskinstance.py:2480} INFO - Exporting env vars: AIRFLOW_CTX_DAG_OWNER='***' AIRFLOW_CTX_DAG_ID='***-s3-mlflow' AIRFLOW_CTX_TASK_ID='read_raw_data_from_s3' AIRFLOW_CTX_EXECUTION_DATE='2024-02-21T06:44:13.181137+00:00' AIRFLOW_CTX_TRY_NUMBER='1' AIRFLOW_CTX_DAG_RUN_ID='manual__2024-02-21T06:44:13.181137+00:00'
[2024-02-21T06:44:20.172+0000] {credentials.py:1147} INFO - Found credentials in environment variables.
[2024-02-21T06:45:54.217+0000] {taskinstance.py:2698} ERROR - Task failed with exception
Traceback (most recent call last):
  File "/home/airflow/.local/lib/python3.8/site-packages/urllib3/response.py", line 444, in _error_catcher
    yield
  File "/home/airflow/.local/lib/python3.8/site-packages/urllib3/response.py", line 567, in read
    data = self._fp_read(amt) if not fp_closed else b""
  File "/home/airflow/.local/lib/python3.8/site-packages/urllib3/response.py", line 533, in _fp_read
    return self._fp.read(amt) if amt is not None else self._fp.read()
  File "/usr/local/lib/python3.8/http/client.py", line 472, in read
    s = self._safe_read(self.length)
  File "/usr/local/lib/python3.8/http/client.py", line 613, in _safe_read
    data = self.fp.read(amt)
  File "/usr/local/lib/python3.8/socket.py", line 669, in readinto
    return self._sock.recv_into(b)
  File "/usr/local/lib/python3.8/ssl.py", line 1274, in recv_into
    return self.read(nbytes, buffer)
  File "/usr/local/lib/python3.8/ssl.py", line 1132, in read
    return self._sslobj.read(len, buffer)
socket.timeout: The read operation timed out

During handling of the above exception, another exception occurred:

Traceback (most recent call last):
  File "/home/airflow/.local/lib/python3.8/site-packages/botocore/response.py", line 99, in read
    chunk = self._raw_stream.read(amt)
  File "/home/airflow/.local/lib/python3.8/site-packages/urllib3/response.py", line 593, in read
    raise IncompleteRead(self._fp_bytes_read, self.length_remaining)
  File "/usr/local/lib/python3.8/contextlib.py", line 131, in __exit__
    self.gen.throw(type, value, traceback)
  File "/home/airflow/.local/lib/python3.8/site-packages/urllib3/response.py", line 449, in _error_catcher
    raise ReadTimeoutError(self._pool, None, "Read timed out.")
urllib3.exceptions.ReadTimeoutError: AWSHTTPSConnectionPool(host='airdemobkt.s3.amazonaws.com', port=443): Read timed out.

During handling of the above exception, another exception occurred:

Traceback (most recent call last):
  File "/home/airflow/.local/lib/python3.8/site-packages/airflow/models/taskinstance.py", line 433, in _execute_task
    result = execute_callable(context=context, **execute_callable_kwargs)
  File "/home/airflow/.local/lib/python3.8/site-packages/airflow/operators/python.py", line 199, in execute
    return_value = self.execute_callable()
  File "/home/airflow/.local/lib/python3.8/site-packages/airflow/operators/python.py", line 216, in execute_callable
    return self.python_callable(*self.op_args, **self.op_kwargs)
  File "/opt/airflow/src/preprocessing/readdatafroms3.py", line 12, in read_csv_from_s3
    data = obj['Body'].read().decode('utf-8')
  File "/home/airflow/.local/lib/python3.8/site-packages/botocore/response.py", line 102, in read
    raise ReadTimeoutError(endpoint_url=e.url, error=e)
botocore.exceptions.ReadTimeoutError: Read timeout on endpoint URL: "None"
[2024-02-21T06:45:54.351+0000] {taskinstance.py:1138} INFO - Marking task as FAILED. dag_id=***-s3-mlflow, task_id=read_raw_data_from_s3, execution_date=20240221T064413, start_date=20240221T064419, end_date=20240221T064554
[2024-02-21T06:45:54.376+0000] {standard_task_runner.py:107} ERROR - Failed to execute job 11 for task read_raw_data_from_s3 (Read timeout on endpoint URL: "None"; 1430)
[2024-02-21T06:45:54.398+0000] {local_task_job_runner.py:234} INFO - Task exited with return code 1
[2024-02-21T06:45:54.429+0000] {taskinstance.py:3280} INFO - 0 downstream tasks scheduled from follow-on schedule check
