[2024-02-21T14:52:10.211+0000] {taskinstance.py:1956} INFO - Dependencies all met for dep_context=non-requeueable deps ti=<TaskInstance: airflow-s3-mlflow.model_prediction manual__2024-02-21T14:51:43.959878+00:00 [queued]>
[2024-02-21T14:52:10.220+0000] {taskinstance.py:1956} INFO - Dependencies all met for dep_context=requeueable deps ti=<TaskInstance: airflow-s3-mlflow.model_prediction manual__2024-02-21T14:51:43.959878+00:00 [queued]>
[2024-02-21T14:52:10.221+0000] {taskinstance.py:2170} INFO - Starting attempt 1 of 1
[2024-02-21T14:52:10.235+0000] {taskinstance.py:2191} INFO - Executing <Task(PythonOperator): model_prediction> on 2024-02-21 14:51:43.959878+00:00
[2024-02-21T14:52:10.244+0000] {standard_task_runner.py:60} INFO - Started process 19956 to run task
[2024-02-21T14:52:10.246+0000] {standard_task_runner.py:87} INFO - Running: ['***', 'tasks', 'run', '***-s3-mlflow', 'model_prediction', 'manual__2024-02-21T14:51:43.959878+00:00', '--job-id', '251', '--raw', '--subdir', 'DAGS_FOLDER/***-aws-mlflow.py', '--cfg-path', '/tmp/tmp21s3yq77']
[2024-02-21T14:52:10.249+0000] {standard_task_runner.py:88} INFO - Job 251: Subtask model_prediction
[2024-02-21T14:52:10.267+0000] {logging_mixin.py:188} WARNING - /home/***/.local/lib/python3.8/site-packages/***/settings.py:194 DeprecationWarning: The sql_alchemy_conn option in [core] has been moved to the sql_alchemy_conn option in [database] - the old setting has been used, but please update your config.
[2024-02-21T14:52:10.301+0000] {task_command.py:423} INFO - Running <TaskInstance: airflow-s3-mlflow.model_prediction manual__2024-02-21T14:51:43.959878+00:00 [running]> on host b14d6cdb7c29
[2024-02-21T14:52:10.378+0000] {taskinstance.py:2480} INFO - Exporting env vars: AIRFLOW_CTX_DAG_OWNER='***' AIRFLOW_CTX_DAG_ID='***-s3-mlflow' AIRFLOW_CTX_TASK_ID='model_prediction' AIRFLOW_CTX_EXECUTION_DATE='2024-02-21T14:51:43.959878+00:00' AIRFLOW_CTX_TRY_NUMBER='1' AIRFLOW_CTX_DAG_RUN_ID='manual__2024-02-21T14:51:43.959878+00:00'
[2024-02-21T14:52:10.415+0000] {logging_mixin.py:188} INFO - prediction : [5.98054637 5.7991758  5.85825772 ... 5.8976486  5.81246431 5.85940538]
[2024-02-21T14:52:10.422+0000] {python.py:201} INFO - Done. Returned value was: [5.98054637 5.7991758  5.85825772 ... 5.8976486  5.81246431 5.85940538]
[2024-02-21T14:52:10.430+0000] {xcom.py:664} ERROR - Object of type ndarray is not JSON serializable. If you are using pickle instead of JSON for XCom, then you need to enable pickle support for XCom in your *** config or make sure to decorate your object with attr.
[2024-02-21T14:52:10.434+0000] {taskinstance.py:2698} ERROR - Task failed with exception
Traceback (most recent call last):
  File "/home/airflow/.local/lib/python3.8/site-packages/airflow/utils/json.py", line 91, in default
    return serialize(o)
  File "/home/airflow/.local/lib/python3.8/site-packages/airflow/serialization/serde.py", line 180, in serialize
    raise TypeError(f"cannot serialize object of type {cls}")
TypeError: cannot serialize object of type <class 'numpy.ndarray'>

During handling of the above exception, another exception occurred:

Traceback (most recent call last):
  File "/home/airflow/.local/lib/python3.8/site-packages/airflow/models/taskinstance.py", line 440, in _execute_task
    task_instance.xcom_push(key=XCOM_RETURN_KEY, value=xcom_value, session=session)
  File "/home/airflow/.local/lib/python3.8/site-packages/airflow/utils/session.py", line 76, in wrapper
    return func(*args, **kwargs)
  File "/home/airflow/.local/lib/python3.8/site-packages/airflow/models/taskinstance.py", line 2980, in xcom_push
    XCom.set(
  File "/home/airflow/.local/lib/python3.8/site-packages/airflow/utils/session.py", line 76, in wrapper
    return func(*args, **kwargs)
  File "/home/airflow/.local/lib/python3.8/site-packages/airflow/models/xcom.py", line 247, in set
    value = cls.serialize_value(
  File "/home/airflow/.local/lib/python3.8/site-packages/airflow/models/xcom.py", line 662, in serialize_value
    return json.dumps(value, cls=XComEncoder).encode("UTF-8")
  File "/usr/local/lib/python3.8/json/__init__.py", line 234, in dumps
    return cls(
  File "/home/airflow/.local/lib/python3.8/site-packages/airflow/utils/json.py", line 104, in encode
    return super().encode(o)
  File "/usr/local/lib/python3.8/json/encoder.py", line 199, in encode
    chunks = self.iterencode(o, _one_shot=True)
  File "/usr/local/lib/python3.8/json/encoder.py", line 257, in iterencode
    return _iterencode(o, 0)
  File "/home/airflow/.local/lib/python3.8/site-packages/airflow/utils/json.py", line 93, in default
    return super().default(o)
  File "/usr/local/lib/python3.8/json/encoder.py", line 179, in default
    raise TypeError(f'Object of type {o.__class__.__name__} '
TypeError: Object of type ndarray is not JSON serializable
[2024-02-21T14:52:10.447+0000] {taskinstance.py:1138} INFO - Marking task as FAILED. dag_id=***-s3-mlflow, task_id=model_prediction, execution_date=20240221T145143, start_date=20240221T145210, end_date=20240221T145210
[2024-02-21T14:52:10.463+0000] {standard_task_runner.py:107} ERROR - Failed to execute job 251 for task model_prediction (Object of type ndarray is not JSON serializable; 19956)
[2024-02-21T14:52:10.503+0000] {local_task_job_runner.py:234} INFO - Task exited with return code 1
[2024-02-21T14:52:10.527+0000] {taskinstance.py:3280} INFO - 0 downstream tasks scheduled from follow-on schedule check
